<?xml version="1.0" encoding="UTF-8"?>
<!-- Generated by org.testng.reporters.JUnitReportReporter -->
<testsuite hostname="IFDS3965" name="com.cwctravel.hudson.plugins.extended_choice_parameter.ExtendedChoiceParameterSeleniumTestNG" tests="6" failures="0" timestamp="2 Mar 2015 22:11:41 GMT" time="100.220" errors="0">
  <testcase name="checkConsoleOutput" time="10.239" classname="com.cwctravel.hudson.plugins.extended_choice_parameter.ExtendedChoiceParameterSeleniumTestNG"/>
  <testcase name="configureJob" time="41.297" classname="com.cwctravel.hudson.plugins.extended_choice_parameter.ExtendedChoiceParameterSeleniumTestNG"/>
  <testcase name="loadJenkinsInstance" time="4.108" classname="com.cwctravel.hudson.plugins.extended_choice_parameter.ExtendedChoiceParameterSeleniumTestNG"/>
  <testcase name="login" time="4.790" classname="com.cwctravel.hudson.plugins.extended_choice_parameter.ExtendedChoiceParameterSeleniumTestNG"/>
  <testcase name="createNewJob" time="7.273" classname="com.cwctravel.hudson.plugins.extended_choice_parameter.ExtendedChoiceParameterSeleniumTestNG"/>
  <testcase name="buildJob" time="32.513" classname="com.cwctravel.hudson.plugins.extended_choice_parameter.ExtendedChoiceParameterSeleniumTestNG"/>
</testsuite> <!-- com.cwctravel.hudson.plugins.extended_choice_parameter.ExtendedChoiceParameterSeleniumTestNG -->
