<?xml version="1.0" encoding="UTF-8"?>
<!-- Generated by org.testng.reporters.JUnitReportReporter -->
<testsuite hostname="IFDS3965" name="com.cwctravel.hudson.plugins.extended_choice_parameter.ExtendedChoiceParameterSeleniumTestNG" tests="6" failures="0" timestamp="3 Mar 2015 21:15:15 GMT" time="143.930" errors="0">
  <testcase name="createNewJob" time="6.929" classname="com.cwctravel.hudson.plugins.extended_choice_parameter.ExtendedChoiceParameterSeleniumTestNG"/>
  <testcase name="configureJob" time="62.544" classname="com.cwctravel.hudson.plugins.extended_choice_parameter.ExtendedChoiceParameterSeleniumTestNG"/>
  <testcase name="buildJob" time="55.528" classname="com.cwctravel.hudson.plugins.extended_choice_parameter.ExtendedChoiceParameterSeleniumTestNG"/>
  <testcase name="loadJenkinsInstance" time="3.929" classname="com.cwctravel.hudson.plugins.extended_choice_parameter.ExtendedChoiceParameterSeleniumTestNG"/>
  <testcase name="login" time="4.726" classname="com.cwctravel.hudson.plugins.extended_choice_parameter.ExtendedChoiceParameterSeleniumTestNG"/>
  <testcase name="checkConsoleOutput" time="10.274" classname="com.cwctravel.hudson.plugins.extended_choice_parameter.ExtendedChoiceParameterSeleniumTestNG"/>
</testsuite> <!-- com.cwctravel.hudson.plugins.extended_choice_parameter.ExtendedChoiceParameterSeleniumTestNG -->
