<?xml version="1.0" encoding="UTF-8"?>
<!-- Generated by org.testng.reporters.JUnitReportReporter -->
<testsuite hostname="IFDS3965" name="com.cwctravel.hudson.plugins.extended_choice_parameter.ExtendedChoiceParameterDefinitionTestNG" tests="1" failures="0" timestamp="3 Feb 2015 16:28:53 GMT" time="0.008" errors="0">
  <testcase name="testAdd" time="0.008" classname="com.cwctravel.hudson.plugins.extended_choice_parameter.ExtendedChoiceParameterDefinitionTestNG"/>
</testsuite> <!-- com.cwctravel.hudson.plugins.extended_choice_parameter.ExtendedChoiceParameterDefinitionTestNG -->
