<?xml version="1.0" encoding="UTF-8"?>
<!-- Generated by org.testng.reporters.JUnitReportReporter -->
<testsuite hostname="IFDS3965" name="com.cwctravel.hudson.plugins.extended_choice_parameter.ExtendedChoiceParameterSeleniumTestNG" tests="6" failures="0" timestamp="9 Mar 2015 15:59:56 GMT" time="160.692" errors="0">
  <testcase name="loadJenkinsInstance" time="19.281" classname="com.cwctravel.hudson.plugins.extended_choice_parameter.ExtendedChoiceParameterSeleniumTestNG"/>
  <testcase name="createNewJob" time="7.139" classname="com.cwctravel.hudson.plugins.extended_choice_parameter.ExtendedChoiceParameterSeleniumTestNG"/>
  <testcase name="buildJob" time="56.239" classname="com.cwctravel.hudson.plugins.extended_choice_parameter.ExtendedChoiceParameterSeleniumTestNG"/>
  <testcase name="login" time="5.013" classname="com.cwctravel.hudson.plugins.extended_choice_parameter.ExtendedChoiceParameterSeleniumTestNG"/>
  <testcase name="configureJob" time="62.649" classname="com.cwctravel.hudson.plugins.extended_choice_parameter.ExtendedChoiceParameterSeleniumTestNG"/>
  <testcase name="checkConsoleOutput" time="10.371" classname="com.cwctravel.hudson.plugins.extended_choice_parameter.ExtendedChoiceParameterSeleniumTestNG"/>
</testsuite> <!-- com.cwctravel.hudson.plugins.extended_choice_parameter.ExtendedChoiceParameterSeleniumTestNG -->
