<?xml version="1.0" encoding="UTF-8"?>
<!-- Generated by org.testng.reporters.JUnitReportReporter -->
<testsuite hostname="IFDS3965" name="com.cwctravel.hudson.plugins.extended_choice_parameter.ExtendedChoiceParameterSeleniumTestNG" tests="6" failures="0" timestamp="3 Mar 2015 15:31:15 GMT" time="99.960" errors="0">
  <testcase name="configureJob" time="41.193" classname="com.cwctravel.hudson.plugins.extended_choice_parameter.ExtendedChoiceParameterSeleniumTestNG"/>
  <testcase name="loadJenkinsInstance" time="4.372" classname="com.cwctravel.hudson.plugins.extended_choice_parameter.ExtendedChoiceParameterSeleniumTestNG"/>
  <testcase name="login" time="4.816" classname="com.cwctravel.hudson.plugins.extended_choice_parameter.ExtendedChoiceParameterSeleniumTestNG"/>
  <testcase name="createNewJob" time="6.953" classname="com.cwctravel.hudson.plugins.extended_choice_parameter.ExtendedChoiceParameterSeleniumTestNG"/>
  <testcase name="checkConsoleOutput" time="10.245" classname="com.cwctravel.hudson.plugins.extended_choice_parameter.ExtendedChoiceParameterSeleniumTestNG"/>
  <testcase name="buildJob" time="32.381" classname="com.cwctravel.hudson.plugins.extended_choice_parameter.ExtendedChoiceParameterSeleniumTestNG"/>
</testsuite> <!-- com.cwctravel.hudson.plugins.extended_choice_parameter.ExtendedChoiceParameterSeleniumTestNG -->
